<?xml version="1.0" encoding="UTF-8"?>
<testsuite xmlns:xsi="http://www.w3.org/2001/XMLSchema-instance" xsi:noNamespaceSchemaLocation="https://maven.apache.org/surefire/maven-surefire-plugin/xsd/surefire-test-report.xsd" version="3.0.2" name="TestSuite" time="3.949" tests="7" errors="0" skipped="0" failures="7">
  <properties>
[...]
</properties>
  <testcase name="runScenario[&quot;Validate - Successful &amp; Unsuccessful Login&quot;, &quot;WebDriver University - Login&quot;](3)" classname="runners.TestRunner" time="0.409">
    <failure message="Browser not supported: ${browserType}" type="java.lang.IllegalArgumentException"><![CDATA[java.lang.IllegalArgumentException: Browser not supported: ${browserType}
	at driver.DriverFactory.createDriver(DriverFactory.java:41)
	at driver.DriverFactory.getDriver(DriverFactory.java:19)
	at stepDefinitions.base.Hooks.setup(Hooks.java:21)
]]></failure>
    <system-out><![CDATA[18:22:59.191 [main] DEBUG org.testng.TestNG -- suiteXmlPath: "C:\Users\Gomotsegang\IdeaProjects\ui-automation-framework\src\test\java\runners\testng\testng.xml"

@login @regression
Scenario: Validate - Successful & Unsuccessful Login                               # src/test/resources/features/Login.feature:7

@contact-us @regression
Scenario: Validate Successful Submission - Unique Data                       # src/test/resources/features/Contact_Us.feature:8

@contact-us @regression
Scenario: Validate Successful Submission - Specific Data                     # src/test/resources/features/Contact_Us.feature:17
      java.lang.IllegalArgumentException: Browser not supported: ${browserType}
	at driver.DriverFactory.createDriver(DriverFactory.java:41)
	at driver.DriverFactory.getDriver(DriverFactory.java:19)
	at stepDefinitions.base.Hooks.setup(Hooks.java:21)

      java.lang.IllegalArgumentException: Browser not supported: ${browserType}
	at driver.DriverFactory.createDriver(DriverFactory.java:41)
	at driver.DriverFactory.getDriver(DriverFactory.java:19)
	at stepDefinitions.base.Hooks.setup(Hooks.java:21)

      java.lang.IllegalArgumentException: Browser not supported: ${browserType}
	at driver.DriverFactory.createDriver(DriverFactory.java:41)
	at driver.DriverFactory.getDriver(DriverFactory.java:19)
	at stepDefinitions.base.Hooks.setup(Hooks.java:21)

  Given I access the web-driver university contact us page                   # stepDefinitions.Contact_Us.iAccessTheWebDriverUniversityContactUsPage()
  Given I can access WebDriver university website                                  # stepDefinitions.Login.iCanAccessWebDriverUniversityWebsite()
  Given I access the web-driver university contact us page                   # stepDefinitions.Contact_Us.iAccessTheWebDriverUniversityContactUsPage()
  When I enter a specific first name Joe                                     # stepDefinitions.Contact_Us.iEnterASpecificFirstname(java.lang.String)
  When I enter a unique first name                                           # stepDefinitions.Contact_Us.iEnterAUniqueFirstname()
  When I enter a username webdriver                                                # stepDefinitions.Login.iEnterAUsername(java.lang.String)
  And I enter a unique last name                                             # stepDefinitions.Contact_Us.iEnterAUniqueLastName()
  And I enter a password webdriver123                                              # stepDefinitions.Login.iEnterAPassword(java.lang.String)
  And I enter a specific last name Blog                                      # stepDefinitions.Contact_Us.iEnterASpecificLastName(java.lang.String)
  And I click on login                                                             # stepDefinitions.Login.iClickOnLogin()
  And I enter a unique Email Address                                         # stepDefinitions.Contact_Us.iEnterAUniqueEmailAddressEmail()
  And I enter a unique comment                                               # stepDefinitions.Contact_Us.iEnterAUniqueComment()
  Then I should be presented with the following login message validation succeeded # stepDefinitions.Login.iShouldBePresentedWithTheFollowingLoginMessage(java.lang.String)
  And I enter a specific email joe@mail.com                                  # stepDefinitions.Contact_Us.iEnterASpecificEmailJoe_blogsMailCom(java.lang.String)
  And I click on the submit button                                           # stepDefinitions.Contact_Us.iClickOnTheSubmitButton()
  And I enter a specific comment "Hello world!"                              # stepDefinitions.Contact_Us.iEnterASpecificComment(java.lang.String)
  And I click on the submit button                                           # stepDefinitions.Contact_Us.iClickOnTheSubmitButton()
  Then I should be presented with a successful contact us submission message # stepDefinitions.Contact_Us.i_should_be_presented_with_a_successful_contact_us_submission_message()
  Then I should be presented with a successful contact us submission message # stepDefinitions.Contact_Us.i_should_be_presented_with_a_successful_contact_us_submission_message()
]]></system-out>
    <system-err><![CDATA[Parsing System property 'dataproviderthreadcount': java.lang.NumberFormatException: For input string: "${threadCount}"
]]></system-err>
  </testcase>
  <testcase name="runScenario[&quot;Validate Successful Submission - Unique Data&quot;, &quot;WebDriver University - Contact Us Page&quot;](3)" classname="runners.TestRunner" time="0.423">
    <failure message="Browser not supported: ${browserType}" type="java.lang.IllegalArgumentException"><![CDATA[java.lang.IllegalArgumentException: Browser not supported: ${browserType}
	at driver.DriverFactory.createDriver(DriverFactory.java:41)
	at driver.DriverFactory.getDriver(DriverFactory.java:19)
	at stepDefinitions.base.Hooks.setup(Hooks.java:21)
]]></failure>
  </testcase>
  <testcase name="runScenario[&quot;Validate Successful Submission - Specific Data&quot;, &quot;WebDriver University - Contact Us Page&quot;](3)" classname="runners.TestRunner" time="0.423">
    <failure message="Browser not supported: ${browserType}" type="java.lang.IllegalArgumentException"><![CDATA[java.lang.IllegalArgumentException: Browser not supported: ${browserType}
	at driver.DriverFactory.createDriver(DriverFactory.java:41)
	at driver.DriverFactory.getDriver(DriverFactory.java:19)
	at stepDefinitions.base.Hooks.setup(Hooks.java:21)
]]></failure>
  </testcase>
  <testcase name="runScenario[&quot;Validate - Unsuccessful and Unsuccessful Login&quot;, &quot;WebDriver University - Login&quot;](4)" classname="runners.TestRunner" time="0.046">
    <failure message="Browser not supported: ${browserType}" type="java.lang.IllegalArgumentException"><![CDATA[java.lang.IllegalArgumentException: Browser not supported: ${browserType}
	at driver.DriverFactory.createDriver(DriverFactory.java:41)
	at driver.DriverFactory.getDriver(DriverFactory.java:19)
	at stepDefinitions.base.Hooks.setup(Hooks.java:21)
]]></failure>
    <system-out><![CDATA[
@login @regression @smoke @ignore
Scenario Outline: Validate - Unsuccessful and Unsuccessful Login                   # src/test/resources/features/Login.feature:30

@login @regression @smoke @ignore
Scenario Outline: Validate - Unsuccessful and Unsuccessful Login                # src/test/resources/features/Login.feature:31
      java.lang.IllegalArgumentException: Browser not supported: ${browserType}
	at driver.DriverFactory.createDriver(DriverFactory.java:41)
	at driver.DriverFactory.getDriver(DriverFactory.java:19)
	at stepDefinitions.base.Hooks.setup(Hooks.java:21)

      java.lang.IllegalArgumentException: Browser not supported: ${browserType}
	at driver.DriverFactory.createDriver(DriverFactory.java:41)
	at driver.DriverFactory.getDriver(DriverFactory.java:19)
	at stepDefinitions.base.Hooks.setup(Hooks.java:21)


@login @regression
Scenario: Validate - Unsuccessful Login                                         # src/test/resources/features/Login.feature:14
  Given I can access WebDriver university website                                  # stepDefinitions.Login.iCanAccessWebDriverUniversityWebsite()
  Given I can access WebDriver university website                               # stepDefinitions.Login.iCanAccessWebDriverUniversityWebsite()
  When I enter a username webdriver                                                # stepDefinitions.Login.iEnterAUsername(java.lang.String)
      java.lang.IllegalArgumentException: Browser not supported: ${browserType}
	at driver.DriverFactory.createDriver(DriverFactory.java:41)
	at driver.DriverFactory.getDriver(DriverFactory.java:19)
	at stepDefinitions.base.Hooks.setup(Hooks.java:21)

  When I enter a username webdriver                                             # stepDefinitions.Login.iEnterAUsername(java.lang.String)
  And I enter a password webdriver123                                              # stepDefinitions.Login.iEnterAPassword(java.lang.String)
  Given I can access WebDriver university website                               # stepDefinitions.Login.iCanAccessWebDriverUniversityWebsite()
  And I enter a password webdriver1                                             # stepDefinitions.Login.iEnterAPassword(java.lang.String)
  And I click on login                                                             # stepDefinitions.Login.iClickOnLogin()
  When I enter a username webdriver                                             # stepDefinitions.Login.iEnterAUsername(java.lang.String)
  And I click on login                                                          # stepDefinitions.Login.iClickOnLogin()
  Then I should be presented with the following login message validation succeeded # stepDefinitions.Login.iShouldBePresentedWithTheFollowingLoginMessage(java.lang.String)
  Then I should be presented with the following login message validation failed # stepDefinitions.Login.iShouldBePresentedWithTheFollowingLoginMessage(java.lang.String)
  And I enter a password webdriver1                                             # stepDefinitions.Login.iEnterAPassword(java.lang.String)
  And I click on login                                                          # stepDefinitions.Login.iClickOnLogin()
]]></system-out>
  </testcase>
  <testcase name="runScenario[&quot;Validate - Unsuccessful and Unsuccessful Login&quot;, &quot;WebDriver University - Login&quot;](5)" classname="runners.TestRunner" time="0.0">
    <failure message="Browser not supported: ${browserType}" type="java.lang.IllegalArgumentException"><![CDATA[java.lang.IllegalArgumentException: Browser not supported: ${browserType}
	at driver.DriverFactory.createDriver(DriverFactory.java:41)
	at driver.DriverFactory.getDriver(DriverFactory.java:19)
	at stepDefinitions.base.Hooks.setup(Hooks.java:21)
]]></failure>
    <system-out><![CDATA[  Then I should be presented with the following login message validation failed # stepDefinitions.Login.iShouldBePresentedWithTheFollowingLoginMessage(java.lang.String)
]]></system-out>
  </testcase>
  <testcase name="runScenario[&quot;Validate - Unsuccessful Login&quot;, &quot;WebDriver University - Login&quot;](6)" classname="runners.TestRunner" time="0.0">
    <failure message="Browser not supported: ${browserType}" type="java.lang.IllegalArgumentException"><![CDATA[java.lang.IllegalArgumentException: Browser not supported: ${browserType}
	at driver.DriverFactory.createDriver(DriverFactory.java:41)
	at driver.DriverFactory.getDriver(DriverFactory.java:19)
	at stepDefinitions.base.Hooks.setup(Hooks.java:21)
]]></failure>
  </testcase>
  <testcase name="runScenario[&quot;Validate - Unsuccessful and Unsuccessful Login&quot;, &quot;WebDriver University - Login&quot;](7)" classname="runners.TestRunner" time="0.014">
    <failure message="Browser not supported: ${browserType}" type="java.lang.IllegalArgumentException"><![CDATA[java.lang.IllegalArgumentException: Browser not supported: ${browserType}
	at driver.DriverFactory.createDriver(DriverFactory.java:41)
	at driver.DriverFactory.getDriver(DriverFactory.java:19)
	at stepDefinitions.base.Hooks.setup(Hooks.java:21)
]]></failure>
    <system-out><![CDATA[
@login @regression @smoke @ignore
Scenario Outline: Validate - Unsuccessful and Unsuccessful Login                # src/test/resources/features/Login.feature:32
      java.lang.IllegalArgumentException: Browser not supported: ${browserType}
	at driver.DriverFactory.createDriver(DriverFactory.java:41)
	at driver.DriverFactory.getDriver(DriverFactory.java:19)
	at stepDefinitions.base.Hooks.setup(Hooks.java:21)

  Given I can access WebDriver university website                               # stepDefinitions.Login.iCanAccessWebDriverUniversityWebsite()
  When I enter a username joe_blogs                                             # stepDefinitions.Login.iEnterAUsername(java.lang.String)
  And I enter a password password1                                              # stepDefinitions.Login.iEnterAPassword(java.lang.String)
  And I click on login                                                          # stepDefinitions.Login.iClickOnLogin()
  Then I should be presented with the following login message validation failed # stepDefinitions.Login.iShouldBePresentedWithTheFollowingLoginMessage(java.lang.String)
]]></system-out>
  </testcase>
</testsuite>